This is pdfTeX, Version 3.141592653-2.6-1.40.25 (TeX Live 2023) (preloaded format=pdflatex 2023.3.21)  25 APR 2026 01:19
entering extended mode
 restricted \write18 enabled.
 file:line:error style messages enabled.
 %&-line parsing enabled.
**winslow-notes.tex
(./winslow-notes.tex
LaTeX2e <2022-11-01> patch level 1
L3 programming layer <2023-02-22>
(/usr/local/texlive/2023/texmf-dist/tex/latex/base/article.cls
Document Class: article 2022/07/02 v1.4n Standard LaTeX document class
(/usr/local/texlive/2023/texmf-dist/tex/latex/base/size11.clo
File: size11.clo 2022/07/02 v1.4n Standard LaTeX file (size option)
)
\c@part=\count185
\c@section=\count186
\c@subsection=\count187
\c@subsubsection=\count188
\c@paragraph=\count189
\c@subparagraph=\count190
\c@figure=\count191
\c@table=\count192
\abovecaptionskip=\skip48
\belowcaptionskip=\skip49
\bibindent=\dimen140
)
(/usr/local/texlive/2023/texmf-dist/tex/latex/geometry/geometry.sty
Package: geometry 2020/01/02 v5.9 Page Geometry

(/usr/local/texlive/2023/texmf-dist/tex/latex/graphics/keyval.sty
Package: keyval 2022/05/29 v1.15 key=value parser (DPC)
\KV@toks@=\toks16
)
(/usr/local/texlive/2023/texmf-dist/tex/generic/iftex/ifvtex.sty
Package: ifvtex 2019/10/25 v1.7 ifvtex legacy package. Use iftex instead.

(/usr/local/texlive/2023/texmf-dist/tex/generic/iftex/iftex.sty
Package: iftex 2022/02/03 v1.0f TeX engine tests
))
\Gm@cnth=\count193
\Gm@cntv=\count194
\c@Gm@tempcnt=\count195
\Gm@bindingoffset=\dimen141
\Gm@wd@mp=\dimen142
\Gm@odd@mp=\dimen143
\Gm@even@mp=\dimen144
\Gm@layoutwidth=\dimen145
\Gm@layoutheight=\dimen146
\Gm@layouthoffset=\dimen147
\Gm@layoutvoffset=\dimen148
\Gm@dimlist=\toks17
)
(/usr/local/texlive/2023/texmf-dist/tex/latex/graphics/graphicx.sty
Package: graphicx 2021/09/16 v1.2d Enhanced LaTeX Graphics (DPC,SPQR)

(/usr/local/texlive/2023/texmf-dist/tex/latex/graphics/graphics.sty
Package: graphics 2022/03/10 v1.4e Standard LaTeX Graphics (DPC,SPQR)

(/usr/local/texlive/2023/texmf-dist/tex/latex/graphics/trig.sty
Package: trig 2021/08/11 v1.11 sin cos tan (DPC)
)
(/usr/local/texlive/2023/texmf-dist/tex/latex/graphics-cfg/graphics.cfg
File: graphics.cfg 2016/06/04 v1.11 sample graphics configuration
)
Package graphics Info: Driver file: pdftex.def on input line 107.

(/usr/local/texlive/2023/texmf-dist/tex/latex/graphics-def/pdftex.def
File: pdftex.def 2022/09/22 v1.2b Graphics/color driver for pdftex
))
\Gin@req@height=\dimen149
\Gin@req@width=\dimen150
)
(/usr/local/texlive/2023/texmf-dist/tex/latex/amsmath/amsmath.sty
Package: amsmath 2022/04/08 v2.17n AMS math features
\@mathmargin=\skip50

For additional information on amsmath, use the `?' option.
(/usr/local/texlive/2023/texmf-dist/tex/latex/amsmath/amstext.sty
Package: amstext 2021/08/26 v2.01 AMS text

(/usr/local/texlive/2023/texmf-dist/tex/latex/amsmath/amsgen.sty
File: amsgen.sty 1999/11/30 v2.0 generic functions
\@emptytoks=\toks18
\ex@=\dimen151
))
(/usr/local/texlive/2023/texmf-dist/tex/latex/amsmath/amsbsy.sty
Package: amsbsy 1999/11/29 v1.2d Bold Symbols
\pmbraise@=\dimen152
)
(/usr/local/texlive/2023/texmf-dist/tex/latex/amsmath/amsopn.sty
Package: amsopn 2022/04/08 v2.04 operator names
)
\inf@bad=\count196
LaTeX Info: Redefining \frac on input line 234.
\uproot@=\count197
\leftroot@=\count198
LaTeX Info: Redefining \overline on input line 399.
LaTeX Info: Redefining \colon on input line 410.
\classnum@=\count199
\DOTSCASE@=\count266
LaTeX Info: Redefining \ldots on input line 496.
LaTeX Info: Redefining \dots on input line 499.
LaTeX Info: Redefining \cdots on input line 620.
\Mathstrutbox@=\box51
\strutbox@=\box52
LaTeX Info: Redefining \big on input line 722.
LaTeX Info: Redefining \Big on input line 723.
LaTeX Info: Redefining \bigg on input line 724.
LaTeX Info: Redefining \Bigg on input line 725.
\big@size=\dimen153
LaTeX Font Info:    Redeclaring font encoding OML on input line 743.
LaTeX Font Info:    Redeclaring font encoding OMS on input line 744.
\macc@depth=\count267
LaTeX Info: Redefining \bmod on input line 905.
LaTeX Info: Redefining \pmod on input line 910.
LaTeX Info: Redefining \smash on input line 940.
LaTeX Info: Redefining \relbar on input line 970.
LaTeX Info: Redefining \Relbar on input line 971.
\c@MaxMatrixCols=\count268
\dotsspace@=\muskip16
\c@parentequation=\count269
\dspbrk@lvl=\count270
\tag@help=\toks19
\row@=\count271
\column@=\count272
\maxfields@=\count273
\andhelp@=\toks20
\eqnshift@=\dimen154
\alignsep@=\dimen155
\tagshift@=\dimen156
\tagwidth@=\dimen157
\totwidth@=\dimen158
\lineht@=\dimen159
\@envbody=\toks21
\multlinegap=\skip51
\multlinetaggap=\skip52
\mathdisplay@stack=\toks22
LaTeX Info: Redefining \[ on input line 2953.
LaTeX Info: Redefining \] on input line 2954.
)
(/usr/local/texlive/2023/texmf-dist/tex/latex/amsfonts/amssymb.sty
Package: amssymb 2013/01/14 v3.01 AMS font symbols

(/usr/local/texlive/2023/texmf-dist/tex/latex/amsfonts/amsfonts.sty
Package: amsfonts 2013/01/14 v3.01 Basic AMSFonts support
\symAMSa=\mathgroup4
\symAMSb=\mathgroup5
LaTeX Font Info:    Redeclaring math symbol \hbar on input line 98.
LaTeX Font Info:    Overwriting math alphabet `\mathfrak' in version `bold'
(Font)                  U/euf/m/n --> U/euf/b/n on input line 106.
))
(/usr/local/texlive/2023/texmf-dist/tex/latex/tools/bm.sty
Package: bm 2022/01/05 v1.2f Bold Symbol Support (DPC/FMi)
\symboldoperators=\mathgroup6
\symboldletters=\mathgroup7
\symboldsymbols=\mathgroup8
Package bm Info: No bold for \OMX/cmex/m/n, using \pmb.
Package bm Info: No bold for \U/msa/m/n, using \pmb.
Package bm Info: No bold for \U/msb/m/n, using \pmb.
LaTeX Font Info:    Redeclaring math alphabet \mathbf on input line 149.
)
(/usr/local/texlive/2023/texmf-dist/tex/latex/listings/listings.sty
\lst@mode=\count274
\lst@gtempboxa=\box53
\lst@token=\toks23
\lst@length=\count275
\lst@currlwidth=\dimen160
\lst@column=\count276
\lst@pos=\count277
\lst@lostspace=\dimen161
\lst@width=\dimen162
\lst@newlines=\count278
\lst@lineno=\count279
\lst@maxwidth=\dimen163

(/usr/local/texlive/2023/texmf-dist/tex/latex/listings/lstmisc.sty
File: lstmisc.sty 2023/02/27 1.9 (Carsten Heinz)
\c@lstnumber=\count280
\lst@skipnumbers=\count281
\lst@framebox=\box54
)
(/usr/local/texlive/2023/texmf-dist/tex/latex/listings/listings.cfg
File: listings.cfg 2023/02/27 1.9 listings configuration
))
Package: listings 2023/02/27 1.9 (Carsten Heinz)

(/usr/local/texlive/2023/texmf-dist/tex/latex/xcolor/xcolor.sty
Package: xcolor 2022/06/12 v2.14 LaTeX color extensions (UK)

(/usr/local/texlive/2023/texmf-dist/tex/latex/graphics-cfg/color.cfg
File: color.cfg 2016/01/02 v1.6 sample color configuration
)
Package xcolor Info: Driver file: pdftex.def on input line 227.

(/usr/local/texlive/2023/texmf-dist/tex/latex/graphics/mathcolor.ltx)
Package xcolor Info: Model `cmy' substituted by `cmy0' on input line 1353.
Package xcolor Info: Model `hsb' substituted by `rgb' on input line 1357.
Package xcolor Info: Model `RGB' extended on input line 1369.
Package xcolor Info: Model `HTML' substituted by `rgb' on input line 1371.
Package xcolor Info: Model `Hsb' substituted by `hsb' on input line 1372.
Package xcolor Info: Model `tHsb' substituted by `hsb' on input line 1373.
Package xcolor Info: Model `HSB' substituted by `hsb' on input line 1374.
Package xcolor Info: Model `Gray' substituted by `gray' on input line 1375.
Package xcolor Info: Model `wave' substituted by `hsb' on input line 1376.
)
(/usr/local/texlive/2023/texmf-dist/tex/latex/caption/caption.sty
Package: caption 2023/03/12 v3.6j Customizing captions (AR)

(/usr/local/texlive/2023/texmf-dist/tex/latex/caption/caption3.sty
Package: caption3 2023/03/12 v2.4 caption3 kernel (AR)
\caption@tempdima=\dimen164
\captionmargin=\dimen165
\caption@leftmargin=\dimen166
\caption@rightmargin=\dimen167
\caption@width=\dimen168
\caption@indent=\dimen169
\caption@parindent=\dimen170
\caption@hangindent=\dimen171
Package caption Info: Standard document class detected.
)
\c@caption@flags=\count282
\c@continuedfloat=\count283
Package caption Info: listings package is loaded.
)
(/usr/local/texlive/2023/texmf-dist/tex/latex/caption/subcaption.sty
Package: subcaption 2023/02/19 v1.6 Sub-captions (AR)
Package caption Info: New subtype `subfigure' on input line 239.
\c@subfigure=\count284
Package caption Info: New subtype `subtable' on input line 239.
\c@subtable=\count285
)
(/usr/local/texlive/2023/texmf-dist/tex/latex/booktabs/booktabs.sty
Package: booktabs 2020/01/12 v1.61803398 Publication quality tables
\heavyrulewidth=\dimen172
\lightrulewidth=\dimen173
\cmidrulewidth=\dimen174
\belowrulesep=\dimen175
\belowbottomsep=\dimen176
\aboverulesep=\dimen177
\abovetopsep=\dimen178
\cmidrulesep=\dimen179
\cmidrulekern=\dimen180
\defaultaddspace=\dimen181
\@cmidla=\count286
\@cmidlb=\count287
\@aboverulesep=\dimen182
\@belowrulesep=\dimen183
\@thisruleclass=\count288
\@lastruleclass=\count289
\@thisrulewidth=\dimen184
)
(/usr/local/texlive/2023/texmf-dist/tex/latex/multirow/multirow.sty
Package: multirow 2021/03/15 v2.8 Span multiple rows of a table
\multirow@colwidth=\skip53
\multirow@cntb=\count290
\multirow@dima=\skip54
\bigstrutjot=\dimen185
)
(/usr/local/texlive/2023/texmf-dist/tex/latex/hyperref/hyperref.sty
Package: hyperref 2023-02-07 v7.00v Hypertext links for LaTeX

(/usr/local/texlive/2023/texmf-dist/tex/generic/ltxcmds/ltxcmds.sty
Package: ltxcmds 2020-05-10 v1.25 LaTeX kernel commands for general use (HO)
)
(/usr/local/texlive/2023/texmf-dist/tex/generic/pdftexcmds/pdftexcmds.sty
Package: pdftexcmds 2020-06-27 v0.33 Utility functions of pdfTeX for LuaTeX (HO
)

(/usr/local/texlive/2023/texmf-dist/tex/generic/infwarerr/infwarerr.sty
Package: infwarerr 2019/12/03 v1.5 Providing info/warning/error messages (HO)
)
Package pdftexcmds Info: \pdf@primitive is available.
Package pdftexcmds Info: \pdf@ifprimitive is available.
Package pdftexcmds Info: \pdfdraftmode found.
)
(/usr/local/texlive/2023/texmf-dist/tex/latex/kvsetkeys/kvsetkeys.sty
Package: kvsetkeys 2022-10-05 v1.19 Key value parser (HO)
)
(/usr/local/texlive/2023/texmf-dist/tex/generic/kvdefinekeys/kvdefinekeys.sty
Package: kvdefinekeys 2019-12-19 v1.6 Define keys (HO)
)
(/usr/local/texlive/2023/texmf-dist/tex/generic/pdfescape/pdfescape.sty
Package: pdfescape 2019/12/09 v1.15 Implements pdfTeX's escape features (HO)
)
(/usr/local/texlive/2023/texmf-dist/tex/latex/hycolor/hycolor.sty
Package: hycolor 2020-01-27 v1.10 Color options for hyperref/bookmark (HO)
)
(/usr/local/texlive/2023/texmf-dist/tex/latex/letltxmacro/letltxmacro.sty
Package: letltxmacro 2019/12/03 v1.6 Let assignment for LaTeX macros (HO)
)
(/usr/local/texlive/2023/texmf-dist/tex/latex/auxhook/auxhook.sty
Package: auxhook 2019-12-17 v1.6 Hooks for auxiliary files (HO)
)
(/usr/local/texlive/2023/texmf-dist/tex/latex/hyperref/nameref.sty
Package: nameref 2022-05-17 v2.50 Cross-referencing by name of section

(/usr/local/texlive/2023/texmf-dist/tex/latex/refcount/refcount.sty
Package: refcount 2019/12/15 v3.6 Data extraction from label references (HO)
)
(/usr/local/texlive/2023/texmf-dist/tex/generic/gettitlestring/gettitlestring.s
ty
Package: gettitlestring 2019/12/15 v1.6 Cleanup title references (HO)
 (/usr/local/texlive/2023/texmf-dist/tex/latex/kvoptions/kvoptions.sty
Package: kvoptions 2022-06-15 v3.15 Key value format for package options (HO)
))
\c@section@level=\count291
)
\@linkdim=\dimen186
\Hy@linkcounter=\count292
\Hy@pagecounter=\count293

(/usr/local/texlive/2023/texmf-dist/tex/latex/hyperref/pd1enc.def
File: pd1enc.def 2023-02-07 v7.00v Hyperref: PDFDocEncoding definition (HO)
Now handling font encoding PD1 ...
... no UTF-8 mapping file for font encoding PD1
)
(/usr/local/texlive/2023/texmf-dist/tex/generic/intcalc/intcalc.sty
Package: intcalc 2019/12/15 v1.3 Expandable calculations with integers (HO)
)
(/usr/local/texlive/2023/texmf-dist/tex/generic/etexcmds/etexcmds.sty
Package: etexcmds 2019/12/15 v1.7 Avoid name clashes with e-TeX commands (HO)
)
\Hy@SavedSpaceFactor=\count294

(/usr/local/texlive/2023/texmf-dist/tex/latex/hyperref/puenc.def
File: puenc.def 2023-02-07 v7.00v Hyperref: PDF Unicode definition (HO)
Now handling font encoding PU ...
... no UTF-8 mapping file for font encoding PU
)
Package hyperref Info: Hyper figures OFF on input line 4177.
Package hyperref Info: Link nesting OFF on input line 4182.
Package hyperref Info: Hyper index ON on input line 4185.
Package hyperref Info: Plain pages OFF on input line 4192.
Package hyperref Info: Backreferencing OFF on input line 4197.
Package hyperref Info: Implicit mode ON; LaTeX internals redefined.
Package hyperref Info: Bookmarks ON on input line 4425.
\c@Hy@tempcnt=\count295

(/usr/local/texlive/2023/texmf-dist/tex/latex/url/url.sty
\Urlmuskip=\muskip17
Package: url 2013/09/16  ver 3.4  Verb mode for urls, etc.
)
LaTeX Info: Redefining \url on input line 4763.
\XeTeXLinkMargin=\dimen187

(/usr/local/texlive/2023/texmf-dist/tex/generic/bitset/bitset.sty
Package: bitset 2019/12/09 v1.3 Handle bit-vector datatype (HO)

(/usr/local/texlive/2023/texmf-dist/tex/generic/bigintcalc/bigintcalc.sty
Package: bigintcalc 2019/12/15 v1.5 Expandable calculations on big integers (HO
)
))
\Fld@menulength=\count296
\Field@Width=\dimen188
\Fld@charsize=\dimen189
Package hyperref Info: Hyper figures OFF on input line 6042.
Package hyperref Info: Link nesting OFF on input line 6047.
Package hyperref Info: Hyper index ON on input line 6050.
Package hyperref Info: backreferencing OFF on input line 6057.
Package hyperref Info: Link coloring OFF on input line 6062.
Package hyperref Info: Link coloring with OCG OFF on input line 6067.
Package hyperref Info: PDF/A mode OFF on input line 6072.

(/usr/local/texlive/2023/texmf-dist/tex/latex/base/atbegshi-ltx.sty
Package: atbegshi-ltx 2021/01/10 v1.0c Emulation of the original atbegshi
package with kernel methods
)
\Hy@abspage=\count297
\c@Item=\count298
\c@Hfootnote=\count299
)
Package hyperref Info: Driver (autodetected): hpdftex.

(/usr/local/texlive/2023/texmf-dist/tex/latex/hyperref/hpdftex.def
File: hpdftex.def 2023-02-07 v7.00v Hyperref driver for pdfTeX

(/usr/local/texlive/2023/texmf-dist/tex/latex/base/atveryend-ltx.sty
Package: atveryend-ltx 2020/08/19 v1.0a Emulation of the original atveryend pac
kage
with kernel methods
)
\Fld@listcount=\count300
\c@bookmark@seq@number=\count301

(/usr/local/texlive/2023/texmf-dist/tex/latex/rerunfilecheck/rerunfilecheck.sty
Package: rerunfilecheck 2022-07-10 v1.10 Rerun checks for auxiliary files (HO)

(/usr/local/texlive/2023/texmf-dist/tex/generic/uniquecounter/uniquecounter.sty
Package: uniquecounter 2019/12/15 v1.4 Provide unlimited unique counter (HO)
)
Package uniquecounter Info: New unique counter `rerunfilecheck' on input line 2
85.
)
\Hy@SectionHShift=\skip55
)
Package hyperref Info: Option `colorlinks' set `true' on input line 25.

(/usr/local/texlive/2023/texmf-dist/tex/latex/matlab-prettifier/matlab-prettifi
er.sty
Package: matlab-prettifier 2014/06/19 v0.3 A package for prettyprinting Matlab 
source code
 (/usr/local/texlive/2023/texmf-dist/tex/latex/base/textcomp.sty
Package: textcomp 2020/02/02 v2.0n Standard LaTeX package
)
\netBracketCount@mlpr=\count302
\blkLvl@mlpr=\count303
\blkLvlAtClassdef@mlpr=\count304
\emHeight@mlpr=\skip56
\jayDepth@mlpr=\skip57
\sectionRuleOffset@mlpr=\skip58
\toks@mlpr=\toks24
)
(/usr/local/texlive/2023/texmf-dist/tex/latex/listings/lstlang1.sty
File: lstlang1.sty 2023/02/27 1.9 listings language file
)
(/usr/local/texlive/2023/texmf-dist/tex/latex/l3backend/l3backend-pdftex.def
File: l3backend-pdftex.def 2023-01-16 L3 backend support: PDF output (pdfTeX)
\l__color_backend_stack_int=\count305
\l__pdf_internal_box=\box55
)
(./winslow-notes.aux)
\openout1 = `winslow-notes.aux'.

LaTeX Font Info:    Checking defaults for OML/cmm/m/it on input line 63.
LaTeX Font Info:    ... okay on input line 63.
LaTeX Font Info:    Checking defaults for OMS/cmsy/m/n on input line 63.
LaTeX Font Info:    ... okay on input line 63.
LaTeX Font Info:    Checking defaults for OT1/cmr/m/n on input line 63.
LaTeX Font Info:    ... okay on input line 63.
LaTeX Font Info:    Checking defaults for T1/cmr/m/n on input line 63.
LaTeX Font Info:    ... okay on input line 63.
LaTeX Font Info:    Checking defaults for TS1/cmr/m/n on input line 63.
LaTeX Font Info:    ... okay on input line 63.
LaTeX Font Info:    Checking defaults for OMX/cmex/m/n on input line 63.
LaTeX Font Info:    ... okay on input line 63.
LaTeX Font Info:    Checking defaults for U/cmr/m/n on input line 63.
LaTeX Font Info:    ... okay on input line 63.
LaTeX Font Info:    Checking defaults for PD1/pdf/m/n on input line 63.
LaTeX Font Info:    ... okay on input line 63.
LaTeX Font Info:    Checking defaults for PU/pdf/m/n on input line 63.
LaTeX Font Info:    ... okay on input line 63.

*geometry* driver: auto-detecting
*geometry* detected driver: pdftex
*geometry* verbose mode - [ preamble ] result:
* driver: pdftex
* paper: <default>
* layout: <same size as paper>
* layoutoffset:(h,v)=(0.0pt,0.0pt)
* modes: 
* h-part:(L,W,R)=(72.26999pt, 469.75502pt, 72.26999pt)
* v-part:(T,H,B)=(72.26999pt, 650.43001pt, 72.26999pt)
* \paperwidth=614.295pt
* \paperheight=794.96999pt
* \textwidth=469.75502pt
* \textheight=650.43001pt
* \oddsidemargin=0.0pt
* \evensidemargin=0.0pt
* \topmargin=-37.0pt
* \headheight=12.0pt
* \headsep=25.0pt
* \topskip=11.0pt
* \footskip=30.0pt
* \marginparwidth=59.0pt
* \marginparsep=10.0pt
* \columnsep=10.0pt
* \skip\footins=10.0pt plus 4.0pt minus 2.0pt
* \hoffset=0.0pt
* \voffset=0.0pt
* \mag=1000
* \@twocolumnfalse
* \@twosidefalse
* \@mparswitchfalse
* \@reversemarginfalse
* (1in=72.27pt=25.4mm, 1cm=28.453pt)

(/usr/local/texlive/2023/texmf-dist/tex/context/base/mkii/supp-pdf.mkii
[Loading MPS to PDF converter (version 2006.09.02).]
\scratchcounter=\count306
\scratchdimen=\dimen190
\scratchbox=\box56
\nofMPsegments=\count307
\nofMParguments=\count308
\everyMPshowfont=\toks25
\MPscratchCnt=\count309
\MPscratchDim=\dimen191
\MPnumerator=\count310
\makeMPintoPDFobject=\count311
\everyMPtoPDFconversion=\toks26
) (/usr/local/texlive/2023/texmf-dist/tex/latex/epstopdf-pkg/epstopdf-base.sty
Package: epstopdf-base 2020-01-24 v2.11 Base part for package epstopdf
Package epstopdf-base Info: Redefining graphics rule for `.eps' on input line 4
85.

(/usr/local/texlive/2023/texmf-dist/tex/latex/latexconfig/epstopdf-sys.cfg
File: epstopdf-sys.cfg 2010/07/13 v1.3 Configuration of (r)epstopdf for TeX Liv
e
))
\c@lstlisting=\count312
Package caption Info: Begin \AtBeginDocument code.
Package caption Info: hyperref package is loaded.
Package caption Info: End \AtBeginDocument code.
Package hyperref Info: Link coloring ON on input line 63.

(./winslow-notes.out) (./winslow-notes.out)
\@outlinefile=\write3
\openout3 = `winslow-notes.out'.

LaTeX Font Info:    Trying to load font information for U+msa on input line 65.


(/usr/local/texlive/2023/texmf-dist/tex/latex/amsfonts/umsa.fd
File: umsa.fd 2013/01/14 v3.01 AMS symbols A
)
LaTeX Font Info:    Trying to load font information for U+msb on input line 65.


(/usr/local/texlive/2023/texmf-dist/tex/latex/amsfonts/umsb.fd
File: umsb.fd 2013/01/14 v3.01 AMS symbols B
)
(./winslow-notes.toc)
\tf@toc=\write4
\openout4 = `winslow-notes.toc'.

 [1

{/usr/local/texlive/2023/texmf-var/fonts/map/pdftex/updmap/pdftex.map}]
<../demos/original-formulation/figures//w2/mesh_reference.png, id=114, 209.583p
t x 209.22165pt>
File: ../demos/original-formulation/figures//w2/mesh_reference.png Graphic file
 (type png)
<use ../demos/original-formulation/figures//w2/mesh_reference.png>
Package pdftex.def Info: ../demos/original-formulation/figures//w2/mesh_referen
ce.png  used on input line 96.
(pdftex.def)             Requested size: 150.32504pt x 150.06801pt.
<../demos/original-formulation/figures//w2/mesh_tangled.png, id=115, 211.38976p
t x 211.0284pt>
File: ../demos/original-formulation/figures//w2/mesh_tangled.png Graphic file (
type png)
<use ../demos/original-formulation/figures//w2/mesh_tangled.png>
Package pdftex.def Info: ../demos/original-formulation/figures//w2/mesh_tangled
.png  used on input line 103.
(pdftex.def)             Requested size: 150.32504pt x 150.07593pt.
<../demos/original-formulation/figures//w2/mesh_smoothed.png, id=116, 211.0284p
t x 210.66705pt>
File: ../demos/original-formulation/figures//w2/mesh_smoothed.png Graphic file 
(type png)
<use ../demos/original-formulation/figures//w2/mesh_smoothed.png>
Package pdftex.def Info: ../demos/original-formulation/figures//w2/mesh_smoothe
d.png  used on input line 110.
(pdftex.def)             Requested size: 150.32504pt x 150.0761pt.
 [2 <../demos/original-formulation/figures//w2/mesh_reference.png (PNG copy)> <
../demos/original-formulation/figures//w2/mesh_tangled.png (PNG copy)> <../demo
s/original-formulation/figures//w2/mesh_smoothed.png (PNG copy)>]
<../demos/original-formulation/figures//w2_skewed/mesh_reference.png, id=146, 2
60.172pt x 260.172pt>
File: ../demos/original-formulation/figures//w2_skewed/mesh_reference.png Graph
ic file (type png)
<use ../demos/original-formulation/figures//w2_skewed/mesh_reference.png>
Package pdftex.def Info: ../demos/original-formulation/figures//w2_skewed/mesh_
reference.png  used on input line 229.
(pdftex.def)             Requested size: 150.32504pt x 150.33215pt.
<../demos/original-formulation/figures//w2_skewed/mesh_tangled.png, id=147, 261
.25604pt x 260.8947pt>
File: ../demos/original-formulation/figures//w2_skewed/mesh_tangled.png Graphic
 file (type png)
<use ../demos/original-formulation/figures//w2_skewed/mesh_tangled.png>
Package pdftex.def Info: ../demos/original-formulation/figures//w2_skewed/mesh_
tangled.png  used on input line 236.
(pdftex.def)             Requested size: 150.32504pt x 150.11678pt.
<../demos/original-formulation/figures//w2_skewed/mesh_smoothed.png, id=148, 26
0.8947pt x 260.53336pt>
File: ../demos/original-formulation/figures//w2_skewed/mesh_smoothed.png Graphi
c file (type png)
<use ../demos/original-formulation/figures//w2_skewed/mesh_smoothed.png>
Package pdftex.def Info: ../demos/original-formulation/figures//w2_skewed/mesh_
smoothed.png  used on input line 243.
(pdftex.def)             Requested size: 150.32504pt x 150.11559pt.
<../demos/original-formulation/figures//w2_skewed/hist_I_reference.png, id=155,
 362.7954pt x 298.11375pt>
File: ../demos/original-formulation/figures//w2_skewed/hist_I_reference.png Gra
phic file (type png)
<use ../demos/original-formulation/figures//w2_skewed/hist_I_reference.png>
Package pdftex.def Info: ../demos/original-formulation/figures//w2_skewed/hist_
I_reference.png  used on input line 263.
(pdftex.def)             Requested size: 150.32504pt x 123.5284pt.
<../demos/original-formulation/figures//w2_skewed/hist_I_tangled.png, id=156, 3
62.7954pt x 298.11375pt>
File: ../demos/original-formulation/figures//w2_skewed/hist_I_tangled.png Graph
ic file (type png)
<use ../demos/original-formulation/figures//w2_skewed/hist_I_tangled.png>
Package pdftex.def Info: ../demos/original-formulation/figures//w2_skewed/hist_
I_tangled.png  used on input line 266.
(pdftex.def)             Requested size: 150.32504pt x 123.5284pt.
<../demos/original-formulation/figures//w2_skewed/hist_I_smoothed.png, id=157, 
362.7954pt x 298.11375pt>
File: ../demos/original-formulation/figures//w2_skewed/hist_I_smoothed.png Grap
hic file (type png)
<use ../demos/original-formulation/figures//w2_skewed/hist_I_smoothed.png>
Package pdftex.def Info: ../demos/original-formulation/figures//w2_skewed/hist_
I_smoothed.png  used on input line 269.
(pdftex.def)             Requested size: 150.32504pt x 123.5284pt.
<../demos/original-formulation/figures//w2_skewed/hist_eta_reference.png, id=16
4, 362.7954pt x 301.3659pt>
File: ../demos/original-formulation/figures//w2_skewed/hist_eta_reference.png G
raphic file (type png)
<use ../demos/original-formulation/figures//w2_skewed/hist_eta_reference.png>
Package pdftex.def Info: ../demos/original-formulation/figures//w2_skewed/hist_
eta_reference.png  used on input line 286.
(pdftex.def)             Requested size: 150.32504pt x 124.87598pt.
<../demos/original-formulation/figures//w2_skewed/hist_eta_tangled.png, id=165,
 362.7954pt x 301.3659pt>
File: ../demos/original-formulation/figures//w2_skewed/hist_eta_tangled.png Gra
phic file (type png)
<use ../demos/original-formulation/figures//w2_skewed/hist_eta_tangled.png>
Package pdftex.def Info: ../demos/original-formulation/figures//w2_skewed/hist_
eta_tangled.png  used on input line 289.
(pdftex.def)             Requested size: 150.32504pt x 124.87598pt.
<../demos/original-formulation/figures//w2_skewed/hist_eta_smoothed.png, id=166
, 357.0138pt x 301.3659pt>
File: ../demos/original-formulation/figures//w2_skewed/hist_eta_smoothed.png Gr
aphic file (type png)
<use ../demos/original-formulation/figures//w2_skewed/hist_eta_smoothed.png>
Package pdftex.def Info: ../demos/original-formulation/figures//w2_skewed/hist_
eta_smoothed.png  used on input line 292.
(pdftex.def)             Requested size: 150.32504pt x 126.8947pt.


Package hyperref Warning: Token not allowed in a PDF string (Unicode):
(hyperref)                removing `math shift' on input line 310.


Package hyperref Warning: Token not allowed in a PDF string (Unicode):
(hyperref)                removing `math shift' on input line 310.

[3 <../demos/original-formulation/figures//w2_skewed/mesh_reference.png (PNG co
py)> <../demos/original-formulation/figures//w2_skewed/mesh_tangled.png (PNG co
py)> <../demos/original-formulation/figures//w2_skewed/mesh_smoothed.png (PNG c
opy)>] [4 <../demos/original-formulation/figures//w2_skewed/hist_I_reference.pn
g (PNG copy)> <../demos/original-formulation/figures//w2_skewed/hist_I_tangled.
png (PNG copy)> <../demos/original-formulation/figures//w2_skewed/hist_I_smooth
ed.png (PNG copy)> <../demos/original-formulation/figures//w2_skewed/hist_eta_r
eference.png (PNG copy)> <../demos/original-formulation/figures//w2_skewed/hist
_eta_tangled.png (PNG copy)> <../demos/original-formulation/figures//w2_skewed/
hist_eta_smoothed.png (PNG copy)>]

Package hyperref Warning: Token not allowed in a PDF string (Unicode):
(hyperref)                removing `math shift' on input line 379.


Package hyperref Warning: Token not allowed in a PDF string (Unicode):
(hyperref)                removing `math shift' on input line 379.


Package hyperref Warning: Token not allowed in a PDF string (Unicode):
(hyperref)                removing `math shift' on input line 379.


Package hyperref Warning: Token not allowed in a PDF string (Unicode):
(hyperref)                removing `math shift' on input line 379.

[5]
<../demos/w-formulation/figures//w2_W/mesh_reference.png, id=219, 260.172pt x 2
60.172pt>
File: ../demos/w-formulation/figures//w2_W/mesh_reference.png Graphic file (typ
e png)
<use ../demos/w-formulation/figures//w2_W/mesh_reference.png>
Package pdftex.def Info: ../demos/w-formulation/figures//w2_W/mesh_reference.pn
g  used on input line 485.
(pdftex.def)             Requested size: 150.32504pt x 150.33215pt.
<../demos/w-formulation/figures//w2_W/mesh_tangled.png, id=220, 261.25604pt x 2
60.8947pt>
File: ../demos/w-formulation/figures//w2_W/mesh_tangled.png Graphic file (type 
png)
<use ../demos/w-formulation/figures//w2_W/mesh_tangled.png>
Package pdftex.def Info: ../demos/w-formulation/figures//w2_W/mesh_tangled.png 
 used on input line 492.
(pdftex.def)             Requested size: 150.32504pt x 150.11678pt.
<../demos/w-formulation/figures//w2_W/mesh_smoothed.png, id=221, 260.8947pt x 2
60.53336pt>
File: ../demos/w-formulation/figures//w2_W/mesh_smoothed.png Graphic file (type
 png)
<use ../demos/w-formulation/figures//w2_W/mesh_smoothed.png>
Package pdftex.def Info: ../demos/w-formulation/figures//w2_W/mesh_smoothed.png
  used on input line 499.
(pdftex.def)             Requested size: 150.32504pt x 150.11559pt.
LaTeX Font Info:    Font shape `OT1/cmtt/bx/n' in size <10.95> not available
(Font)              Font shape `OT1/cmtt/m/n' tried instead on input line 517.
 [6] [7 <../demos/w-formulation/figures//w2_W/mesh_reference.png (PNG copy)> <.
./demos/w-formulation/figures//w2_W/mesh_tangled.png (PNG copy)> <../demos/w-fo
rmulation/figures//w2_W/mesh_smoothed.png (PNG copy)>] [8] [9] [10{/usr/local/t
exlive/2023/texmf-dist/fonts/enc/dvips/cm-super/cm-super-ts1.enc}] [11]
<../demos/tutte/figures//w2_tutte/mesh_input.png, id=300, 210.66705pt x 210.305
7pt>
File: ../demos/tutte/figures//w2_tutte/mesh_input.png Graphic file (type png)
<use ../demos/tutte/figures//w2_tutte/mesh_input.png>
Package pdftex.def Info: ../demos/tutte/figures//w2_tutte/mesh_input.png  used 
on input line 929.
(pdftex.def)             Requested size: 211.38832pt x 211.03362pt.
<../demos/tutte/figures//w2_tutte/mesh_tutte.png, id=301, 209.583pt x 209.22165
pt>
File: ../demos/tutte/figures//w2_tutte/mesh_tutte.png Graphic file (type png)
<use ../demos/tutte/figures//w2_tutte/mesh_tutte.png>
Package pdftex.def Info: ../demos/tutte/figures//w2_tutte/mesh_tutte.png  used 
on input line 936.
(pdftex.def)             Requested size: 211.38832pt x 211.02806pt.
<../demos/tutte/figures//unstructured_tutte/mesh_clean.png, id=313, 210.3057pt 
x 209.94435pt>
File: ../demos/tutte/figures//unstructured_tutte/mesh_clean.png Graphic file (t
ype png)
<use ../demos/tutte/figures//unstructured_tutte/mesh_clean.png>
Package pdftex.def Info: ../demos/tutte/figures//unstructured_tutte/mesh_clean.
png  used on input line 967.
(pdftex.def)             Requested size: 211.38832pt x 211.033pt.
<../demos/tutte/figures//unstructured_tutte/mesh_tangled.png, id=314, 204.88545
pt x 209.22165pt>
File: ../demos/tutte/figures//unstructured_tutte/mesh_tangled.png Graphic file 
(type png)
<use ../demos/tutte/figures//unstructured_tutte/mesh_tangled.png>
Package pdftex.def Info: ../demos/tutte/figures//unstructured_tutte/mesh_tangle
d.png  used on input line 974.
(pdftex.def)             Requested size: 211.38832pt x 215.87102pt.

[12 <../demos/tutte/figures//w2_tutte/mesh_input.png (PNG copy)> <../demos/tutt
e/figures//w2_tutte/mesh_tutte.png (PNG copy)>]
File: ../demos/tutte/figures//unstructured_tutte/mesh_tangled.png Graphic file 
(type png)
<use ../demos/tutte/figures//unstructured_tutte/mesh_tangled.png>
Package pdftex.def Info: ../demos/tutte/figures//unstructured_tutte/mesh_tangle
d.png  used on input line 1010.
(pdftex.def)             Requested size: 112.74377pt x 115.12971pt.
<../demos/tutte/figures//unstructured_tutte/mesh_tutte.png, id=333, 209.583pt x
 209.22165pt>
File: ../demos/tutte/figures//unstructured_tutte/mesh_tutte.png Graphic file (t
ype png)
<use ../demos/tutte/figures//unstructured_tutte/mesh_tutte.png>
Package pdftex.def Info: ../demos/tutte/figures//unstructured_tutte/mesh_tutte.
png  used on input line 1017.
(pdftex.def)             Requested size: 112.74377pt x 112.5502pt.
<../demos/tutte/figures//unstructured_tutte/mesh_optimized.png, id=334, 209.583
pt x 209.583pt>
File: ../demos/tutte/figures//unstructured_tutte/mesh_optimized.png Graphic fil
e (type png)
<use ../demos/tutte/figures//unstructured_tutte/mesh_optimized.png>
Package pdftex.def Info: ../demos/tutte/figures//unstructured_tutte/mesh_optimi
zed.png  used on input line 1024.
(pdftex.def)             Requested size: 112.74377pt x 112.7446pt.
<../demos/tutte/figures//unstructured_tutte/mesh_winslow.png, id=335, 209.583pt
 x 209.583pt>
File: ../demos/tutte/figures//unstructured_tutte/mesh_winslow.png Graphic file 
(type png)
<use ../demos/tutte/figures//unstructured_tutte/mesh_winslow.png>
Package pdftex.def Info: ../demos/tutte/figures//unstructured_tutte/mesh_winslo
w.png  used on input line 1031.
(pdftex.def)             Requested size: 112.74377pt x 112.7446pt.
 [13 <../demos/tutte/figures//unstructured_tutte/mesh_clean.png (PNG copy)> <..
/demos/tutte/figures//unstructured_tutte/mesh_tangled.png (PNG copy)> <../demos
/tutte/figures//unstructured_tutte/mesh_tutte.png (PNG copy)> <../demos/tutte/f
igures//unstructured_tutte/mesh_optimized.png (PNG copy)> <../demos/tutte/figur
es//unstructured_tutte/mesh_winslow.png (PNG copy)>]
<../demos/tutte/figures//starfish_preview/mesh_clean.png, id=363, 216.81pt x 22
4.037pt>
File: ../demos/tutte/figures//starfish_preview/mesh_clean.png Graphic file (typ
e png)
<use ../demos/tutte/figures//starfish_preview/mesh_clean.png>
Package pdftex.def Info: ../demos/tutte/figures//starfish_preview/mesh_clean.pn
g  used on input line 1082.
(pdftex.def)             Requested size: 140.92793pt x 145.63257pt.
<../demos/tutte/figures//starfish_preview/mesh_tutte_circle.png, id=364, 224.03
7pt x 224.037pt>
File: ../demos/tutte/figures//starfish_preview/mesh_tutte_circle.png Graphic fi
le (type png)
<use ../demos/tutte/figures//starfish_preview/mesh_tutte_circle.png>
Package pdftex.def Info: ../demos/tutte/figures//starfish_preview/mesh_tutte_ci
rcle.png  used on input line 1091.
(pdftex.def)             Requested size: 140.92793pt x 140.92868pt.
<../demos/tutte/figures//starfish_preview/mesh_winslow_from_tutte.png, id=365, 
216.81pt x 224.037pt>
File: ../demos/tutte/figures//starfish_preview/mesh_winslow_from_tutte.png Grap
hic file (type png)
<use ../demos/tutte/figures//starfish_preview/mesh_winslow_from_tutte.png>
Package pdftex.def Info: ../demos/tutte/figures//starfish_preview/mesh_winslow_
from_tutte.png  used on input line 1097.
(pdftex.def)             Requested size: 140.92793pt x 145.63257pt.
<../demos/tutte/figures//starfish_preview/mesh_optimized_circle.png, id=366, 22
4.39835pt x 224.39835pt>
File: ../demos/tutte/figures//starfish_preview/mesh_optimized_circle.png Graphi
c file (type png)
<use ../demos/tutte/figures//starfish_preview/mesh_optimized_circle.png>
Package pdftex.def Info: ../demos/tutte/figures//starfish_preview/mesh_optimize
d_circle.png  used on input line 1106.
(pdftex.def)             Requested size: 140.92793pt x 140.93pt.
<../demos/tutte/figures//starfish_preview/mesh_winslow_circle.png, id=367, 216.
81pt x 224.037pt>
File: ../demos/tutte/figures//starfish_preview/mesh_winslow_circle.png Graphic 
file (type png)
<use ../demos/tutte/figures//starfish_preview/mesh_winslow_circle.png>
Package pdftex.def Info: ../demos/tutte/figures//starfish_preview/mesh_winslow_
circle.png  used on input line 1112.
(pdftex.def)             Requested size: 140.92793pt x 145.63257pt.
 [14] [15 <../demos/tutte/figures//starfish_preview/mesh_clean.png (PNG copy)> 
<../demos/tutte/figures//starfish_preview/mesh_tutte_circle.png (PNG copy)> <..
/demos/tutte/figures//starfish_preview/mesh_winslow_from_tutte.png (PNG copy)> 
<../demos/tutte/figures//starfish_preview/mesh_optimized_circle.png (PNG copy)>
 <../demos/tutte/figures//starfish_preview/mesh_winslow_circle.png (PNG copy)>]
<../demos/tutte/figures//l_shape_tangled/mesh_clean.png, id=401, 209.94435pt x 
209.94435pt>
File: ../demos/tutte/figures//l_shape_tangled/mesh_clean.png Graphic file (type
 png)
<use ../demos/tutte/figures//l_shape_tangled/mesh_clean.png>
Package pdftex.def Info: ../demos/tutte/figures//l_shape_tangled/mesh_clean.png
  used on input line 1220.
(pdftex.def)             Requested size: 211.38832pt x 211.3918pt.
<../demos/tutte/figures//l_shape_tangled/mesh_tangled.png, id=402, 192.2382pt x
 208.8603pt>
File: ../demos/tutte/figures//l_shape_tangled/mesh_tangled.png Graphic file (ty
pe png)
<use ../demos/tutte/figures//l_shape_tangled/mesh_tangled.png>
Package pdftex.def Info: ../demos/tutte/figures//l_shape_tangled/mesh_tangled.p
ng  used on input line 1227.
(pdftex.def)             Requested size: 211.38832pt x 229.66736pt.
 [16 <../demos/tutte/figures//l_shape_tangled/mesh_clean.png (PNG copy)> <../de
mos/tutte/figures//l_shape_tangled/mesh_tangled.png (PNG copy)>]
File: ../demos/tutte/figures//l_shape_tangled/mesh_tangled.png Graphic file (ty
pe png)
<use ../demos/tutte/figures//l_shape_tangled/mesh_tangled.png>
Package pdftex.def Info: ../demos/tutte/figures//l_shape_tangled/mesh_tangled.p
ng  used on input line 1268.
(pdftex.def)             Requested size: 112.74377pt x 122.4935pt.
<../demos/tutte/figures//l_shape_tangled/mesh_tutte_square.png, id=418, 209.944
35pt x 211.38976pt>
File: ../demos/tutte/figures//l_shape_tangled/mesh_tutte_square.png Graphic fil
e (type png)
<use ../demos/tutte/figures//l_shape_tangled/mesh_tutte_square.png>
Package pdftex.def Info: ../demos/tutte/figures//l_shape_tangled/mesh_tutte_squ
are.png  used on input line 1275.
(pdftex.def)             Requested size: 112.74377pt x 113.523pt.
<../demos/tutte/figures//l_shape_tangled/mesh_optimized_square.png, id=419, 210
.3057pt x 210.66705pt>
File: ../demos/tutte/figures//l_shape_tangled/mesh_optimized_square.png Graphic
 file (type png)
<use ../demos/tutte/figures//l_shape_tangled/mesh_optimized_square.png>
Package pdftex.def Info: ../demos/tutte/figures//l_shape_tangled/mesh_optimized
_square.png  used on input line 1282.
(pdftex.def)             Requested size: 112.74377pt x 112.93558pt.
<../demos/tutte/figures//l_shape_tangled/mesh_winslow_square.png, id=420, 209.9
4435pt x 210.66705pt>
File: ../demos/tutte/figures//l_shape_tangled/mesh_winslow_square.png Graphic f
ile (type png)
<use ../demos/tutte/figures//l_shape_tangled/mesh_winslow_square.png>
Package pdftex.def Info: ../demos/tutte/figures//l_shape_tangled/mesh_winslow_s
quare.png  used on input line 1289.
(pdftex.def)             Requested size: 112.74377pt x 113.13489pt.
File: ../demos/tutte/figures//l_shape_tangled/mesh_tangled.png Graphic file (ty
pe png)
<use ../demos/tutte/figures//l_shape_tangled/mesh_tangled.png>
Package pdftex.def Info: ../demos/tutte/figures//l_shape_tangled/mesh_tangled.p
ng  used on input line 1321.
(pdftex.def)             Requested size: 112.74377pt x 122.4935pt.
<../demos/tutte/figures//l_shape_tangled/mesh_tutte_circle.png, id=427, 209.583
pt x 209.22165pt>
File: ../demos/tutte/figures//l_shape_tangled/mesh_tutte_circle.png Graphic fil
e (type png)
<use ../demos/tutte/figures//l_shape_tangled/mesh_tutte_circle.png>
Package pdftex.def Info: ../demos/tutte/figures//l_shape_tangled/mesh_tutte_cir
cle.png  used on input line 1328.
(pdftex.def)             Requested size: 112.74377pt x 112.5502pt.
<../demos/tutte/figures//l_shape_tangled/mesh_optimized_circle.png, id=428, 209
.583pt x 209.22165pt>
File: ../demos/tutte/figures//l_shape_tangled/mesh_optimized_circle.png Graphic
 file (type png)
<use ../demos/tutte/figures//l_shape_tangled/mesh_optimized_circle.png>
Package pdftex.def Info: ../demos/tutte/figures//l_shape_tangled/mesh_optimized
_circle.png  used on input line 1335.
(pdftex.def)             Requested size: 112.74377pt x 112.5502pt.
<../demos/tutte/figures//l_shape_tangled/mesh_winslow_circle.png, id=429, 209.9
4435pt x 209.94435pt>
File: ../demos/tutte/figures//l_shape_tangled/mesh_winslow_circle.png Graphic f
ile (type png)
<use ../demos/tutte/figures//l_shape_tangled/mesh_winslow_circle.png>
Package pdftex.def Info: ../demos/tutte/figures//l_shape_tangled/mesh_winslow_c
ircle.png  used on input line 1342.
(pdftex.def)             Requested size: 112.74377pt x 112.74678pt.
 [17 <../demos/tutte/figures//l_shape_tangled/mesh_tutte_square.png (PNG copy)>
 <../demos/tutte/figures//l_shape_tangled/mesh_optimized_square.png (PNG copy)>
 <../demos/tutte/figures//l_shape_tangled/mesh_winslow_square.png (PNG copy)> <
../demos/tutte/figures//l_shape_tangled/mesh_tutte_circle.png (PNG copy)> <../d
emos/tutte/figures//l_shape_tangled/mesh_optimized_circle.png (PNG copy)> <../d
emos/tutte/figures//l_shape_tangled/mesh_winslow_circle.png (PNG copy)>]
[18] [19] (./winslow-notes.bbl) [20] (./winslow-notes.aux)
Package rerunfilecheck Info: File `winslow-notes.out' has not changed.
(rerunfilecheck)             Checksum: 15AF3CD4F88A91CAB6A4A52D54C3F270;4289.
 ) 
Here is how much of TeX's memory you used:
 14140 strings out of 476025
 236836 string characters out of 5790017
 1866388 words of memory out of 5000000
 34276 multiletter control sequences out of 15000+600000
 530413 words of font info for 99 fonts, out of 8000000 for 9000
 1141 hyphenation exceptions out of 8191
 75i,10n,76p,1172b,577s stack positions out of 10000i,1000n,20000p,200000b,200000s
</usr/local/texlive/2023/texmf-dist/fonts/type1/public/amsfonts/cm/cmbx10.pfb
></usr/local/texlive/2023/texmf-dist/fonts/type1/public/amsfonts/cm/cmbx12.pfb>
</usr/local/texlive/2023/texmf-dist/fonts/type1/public/amsfonts/cm/cmbx8.pfb></
usr/local/texlive/2023/texmf-dist/fonts/type1/public/amsfonts/cm/cmex10.pfb></u
sr/local/texlive/2023/texmf-dist/fonts/type1/public/amsfonts/cm/cmmi10.pfb></us
r/local/texlive/2023/texmf-dist/fonts/type1/public/amsfonts/cm/cmmi12.pfb></usr
/local/texlive/2023/texmf-dist/fonts/type1/public/amsfonts/cm/cmmi6.pfb></usr/l
ocal/texlive/2023/texmf-dist/fonts/type1/public/amsfonts/cm/cmmi8.pfb></usr/loc
al/texlive/2023/texmf-dist/fonts/type1/public/amsfonts/cm/cmmib10.pfb></usr/loc
al/texlive/2023/texmf-dist/fonts/type1/public/amsfonts/cm/cmr10.pfb></usr/local
/texlive/2023/texmf-dist/fonts/type1/public/amsfonts/cm/cmr12.pfb></usr/local/t
exlive/2023/texmf-dist/fonts/type1/public/amsfonts/cm/cmr17.pfb></usr/local/tex
live/2023/texmf-dist/fonts/type1/public/amsfonts/cm/cmr6.pfb></usr/local/texliv
e/2023/texmf-dist/fonts/type1/public/amsfonts/cm/cmr7.pfb></usr/local/texlive/2
023/texmf-dist/fonts/type1/public/amsfonts/cm/cmr8.pfb></usr/local/texlive/2023
/texmf-dist/fonts/type1/public/amsfonts/cm/cmsy10.pfb></usr/local/texlive/2023/
texmf-dist/fonts/type1/public/amsfonts/cm/cmsy8.pfb></usr/local/texlive/2023/te
xmf-dist/fonts/type1/public/amsfonts/cm/cmti10.pfb></usr/local/texlive/2023/tex
mf-dist/fonts/type1/public/amsfonts/cm/cmtt10.pfb></usr/local/texlive/2023/texm
f-dist/fonts/type1/public/amsfonts/symbols/msbm10.pfb></usr/local/texlive/2023/
texmf-dist/fonts/type1/public/cm-super/sfrm1095.pfb>
Output written on winslow-notes.pdf (20 pages, 1722452 bytes).
PDF statistics:
 590 PDF objects out of 1000 (max. 8388607)
 441 compressed objects within 5 object streams
 99 named destinations out of 1000 (max. 500000)
 328 words of extra memory for PDF output out of 10000 (max. 10000000)

